\BOOKMARK [0][-]{contents.0}{\376\377\000M\036\345\000c\000\040\000l\036\345\000c}{}% 1
\BOOKMARK [0][-]{chapter.1}{\376\377\000N\000g\000h\000i\036\307\000m\000\040\000c\036\347\000a\000\040\000p\000h\001\260\001\241\000n\000g\000\040\000t\000r\000\354\000n\000h\000\040\000m\036\331\000t\000\040\036\251\000n}{}% 2
\BOOKMARK [1][-]{section.1.1}{\376\377\000P\000h\001\260\001\241\000n\000g\000\040\000p\000h\000\341\000p\000\040\000c\000h\000i\000a\000\040\001\021\000\364\000i\000\040\000\050\000T\000h\000e\000\040\000B\000i\000s\000e\000c\000t\000i\000o\000n\000\040\000M\000e\000t\000h\000o\000d\000\051}{chapter.1}% 3
\BOOKMARK [1][-]{section.1.2}{\376\377\000P\000h\001\260\001\241\000n\000g\000\040\000p\000h\000\341\000p\000\040\000l\036\267\000p\000\040\001\021\000i\036\303\000m\000\040\000c\036\321\000\040\001\021\036\313\000n\000h\000\040\000\050\000F\000i\000x\000e\000d\000-\000P\000o\000i\000n\000t\000\040\000I\000t\000e\000r\000a\000t\000i\000o\000n\000\051}{chapter.1}% 4
\BOOKMARK [1][-]{section.1.3}{\376\377\000P\000h\001\260\001\241\000n\000g\000\040\000p\000h\000\341\000p\000\040\000N\000e\000w\000t\000o\000n\000\040\000v\000\340\000\040\000c\000\341\000c\000\040\000m\036\337\000\040\000r\036\331\000n\000g}{chapter.1}% 5
\BOOKMARK [1][-]{section.1.4}{\376\377\000P\000h\000\342\000n\000\040\000t\000\355\000c\000h\000\040\000s\000a\000i\000\040\000s\036\321\000\040\000c\000h\000o\000\040\000c\000\341\000c\000\040\000p\000h\001\260\001\241\000n\000g\000\040\000p\000h\000\341\000p\000\040\000l\036\267\000p\000\040\000\050\000E\000r\000r\000o\000r\000\040\000A\000n\000a\000l\000y\000s\000i\000s\000\040\000f\000o\000r\000\040\000I\000t\000e\000r\000a\000t\000i\000v\000e\000\040\000M\000e\000t\000h\000o\000d\000s\000\051}{chapter.1}% 6
\BOOKMARK [1][-]{section.1.5}{\376\377\000T\001\003\000n\000g\000\040\000t\036\321\000c\000\040\001\021\036\331\000\040\000h\036\331\000i\000\040\000t\036\345\000\050\000A\000c\000c\000e\000l\000e\000r\000a\000t\000i\000n\000g\000\040\000C\000o\000n\000v\000e\000r\000g\000e\000n\000c\000e\000\051}{chapter.1}% 7
\BOOKMARK [1][-]{section.1.6}{\376\377\000N\000g\000h\000i\036\307\000m\000\040\000c\036\347\000a\000\040\001\020\000a\000\040\000t\000h\036\351\000c\000\040\000v\000\340\000\040\000P\000h\001\260\001\241\000n\000g\000\040\000p\000h\000\341\000p\000\040\000M\000u\000l\000l\000e\000r}{chapter.1}% 8
\BOOKMARK [2][-]{subsection.1.6.1}{\376\377\000G\000i\036\333\000i\000\040\000t\000h\000i\036\307\000u\000\040\000v\036\301\000\040\000N\000g\000h\000i\036\307\000m\000\040\000c\036\347\000a\000\040\001\020\000a\000\040\000t\000h\036\351\000c}{section.1.6}% 9
\BOOKMARK [2][-]{subsection.1.6.2}{\376\377\000P\000h\001\260\001\241\000n\000g\000\040\000p\000h\000\341\000p\000\040\000H\000o\000r\000n\000e\000r}{section.1.6}% 10
\BOOKMARK [2][-]{subsection.1.6.3}{\376\377\000P\000h\000\351\000p\000\040\000G\000i\036\243\000m\000\040\000b\036\255\000c\000\040\000\050\000D\000e\000f\000l\000a\000t\000i\000o\000n\000\051}{section.1.6}% 11
\BOOKMARK [2][-]{subsection.1.6.4}{\376\377\000P\000h\001\260\001\241\000n\000g\000\040\000p\000h\000\341\000p\000\040\000M\000u\000l\000l\000e\000r}{section.1.6}% 12
\BOOKMARK [1][-]{section.1.7}{\376\377\000C\000\341\000c\000\040\000t\000h\001\260\000\040\000v\000i\036\307\000n\000\040\000s\036\321\000\040\000h\036\315\000c\000\040\000v\000\340\000\040\000T\036\325\000n\000g\000\040\000k\036\277\000t\000\040\000C\000h\001\260\001\241\000n\000g}{chapter.1}% 13
\BOOKMARK [2][-]{subsection.1.7.1}{\376\377\000T\036\325\000n\000g\000\040\000q\000u\000a\000n\000\040\000v\036\301\000\040\000c\000\341\000c\000\040\000P\000h\036\247\000n\000\040\000m\036\301\000m\000\040\000s\036\321}{section.1.7}% 14
\BOOKMARK [2][-]{subsection.1.7.2}{\376\377\000T\036\325\000n\000g\000\040\000k\036\277\000t\000\040\000C\000h\001\260\001\241\000n\000g}{section.1.7}% 15
\BOOKMARK [0][-]{chapter.2}{\376\377\000C\000\341\000c\000\040\000K\036\371\000\040\000t\000h\000u\036\255\000t\000\040\000L\036\267\000p\000\040\000t\000r\000o\000n\000g\000\040\001\020\036\241\000i\000\040\000s\036\321\000\040\000M\000a\000\040\000t\000r\036\255\000n\000\040\000\050\000M\000a\000t\000r\000i\000x\000\040\000A\000l\000g\000e\000b\000r\000a\000\051}{}% 16
\BOOKMARK [1][-]{section.2.1}{\376\377\000G\000i\036\333\000i\000\040\000t\000h\000i\036\307\000u\000\040\000m\036\331\000t\000\040\000s\036\321\000\040\000k\000h\000\341\000i\000\040\000n\000i\036\307\000m\000\040\000c\001\241\000\040\000b\036\243\000n}{chapter.2}% 17
\BOOKMARK [1][-]{section.2.2}{\376\377\000C\000\341\000c\000\040\000k\000h\000\341\000i\000\040\000n\000i\036\307\000m\000\040\000n\036\301\000n\000\040\000t\036\243\000n\000g}{chapter.2}% 18
\BOOKMARK [2][-]{subsection.2.2.1}{\376\377\000C\000h\000u\036\251\000n\000\040\000V\000e\000c\000t\000o\000r\000\040\000v\000\340\000\040\000M\000a\000\040\000t\000r\036\255\000n}{section.2.2}% 19
\BOOKMARK [2][-]{subsection.2.2.2}{\376\377\000T\000r\036\313\000\040\000r\000i\000\352\000n\000g\000\040\000v\000\340\000\040\000B\000\341\000n\000\040\000k\000\355\000n\000h\000\040\000p\000h\036\325}{section.2.2}% 20
\BOOKMARK [1][-]{section.2.3}{\376\377\000C\000\341\000c\000\040\000p\000h\001\260\001\241\000n\000g\000\040\000p\000h\000\341\000p\000\040\000l\036\267\000p\000\040\000J\000a\000c\000o\000b\000i\000\040\000v\000\340\000\040\000G\000a\000u\000s\000s\000-\000S\000e\000i\000d\000e\000l}{chapter.2}% 21
\BOOKMARK [2][-]{subsection.2.3.1}{\376\377\000P\000h\001\260\001\241\000n\000g\000\040\000p\000h\000\341\000p\000\040\000l\036\267\000p\000\040\000J\000a\000c\000o\000b\000i}{section.2.3}% 22
\BOOKMARK [2][-]{subsection.2.3.2}{\376\377\000P\000h\001\260\001\241\000n\000g\000\040\000p\000h\000\341\000p\000\040\000l\036\267\000p\000\040\000G\000a\000u\000s\000s\000-\000S\000e\000i\000d\000e\000l}{section.2.3}% 23
\BOOKMARK [2][-]{subsection.2.3.3}{\376\377\000P\000h\000\342\000n\000\040\000t\000\355\000c\000h\000\040\000H\036\331\000i\000\040\000t\036\345}{section.2.3}% 24
\BOOKMARK [1][-]{section.2.4}{\376\377\000K\036\371\000\040\000t\000h\000u\036\255\000t\000\040\000T\001\003\000n\000g\000\040\000t\036\321\000c\000\040\000\050\000R\000e\000l\000a\000x\000a\000t\000i\000o\000n\000\051\000\040\000c\000h\000o\000\040\000H\036\307\000\040\000T\000u\000y\036\277\000n\000\040\000t\000\355\000n\000h}{chapter.2}% 25
\BOOKMARK [2][-]{subsection.2.4.1}{\376\377\000V\000e\000c\000t\000o\000r\000\040\000D\001\260\000\040\000v\000\340\000\040\000P\000h\001\260\001\241\000n\000g\000\040\000p\000h\000\341\000p\000\040\000S\000O\000R}{section.2.4}% 26
\BOOKMARK [1][-]{section.2.5}{\376\377\000C\036\255\000n\000\040\000s\000a\000i\000\040\000s\036\321\000\040\000\050\000E\000r\000r\000o\000r\000\040\000B\000o\000u\000n\000d\000\051\000\040\000v\000\340\000\040\000T\000i\000n\000h\000\040\000c\000h\036\311\000n\000h\000\040\000L\036\267\000p\000\040\000\050\000I\000t\000e\000r\000a\000t\000i\000v\000e\000\040\000R\000e\000f\000i\000n\000e\000m\000e\000n\000t\000\051}{chapter.2}% 27
\BOOKMARK [2][-]{subsection.2.5.1}{\376\377\000S\036\321\000\040\001\021\000i\036\301\000u\000\040\000k\000i\036\307\000n\000\040\000v\000\340\000\040\000N\000g\000h\036\313\000c\000h\000\040\000l\000\375\000\040\000V\000e\000c\000t\000o\000r\000\040\000D\001\260}{section.2.5}% 28
\BOOKMARK [2][-]{subsection.2.5.2}{\376\377\000K\036\371\000\040\000t\000h\000u\036\255\000t\000\040\000T\000i\000n\000h\000\040\000c\000h\036\311\000n\000h\000\040\000L\036\267\000p\000\040\000\050\000I\000t\000e\000r\000a\000t\000i\000v\000e\000\040\000R\000e\000f\000i\000n\000e\000m\000e\000n\000t\000\051}{section.2.5}% 29
\BOOKMARK [1][-]{section.2.6}{\376\377\000T\036\325\000n\000g\000\040\000k\036\277\000t\000\040\000c\000h\001\260\001\241\000n\000g}{chapter.2}% 30
\BOOKMARK [0][-]{appendix*.25}{\376\377\000P\000h\036\345\000\040\000l\036\345\000c}{}% 31
